\BOOKMARK [0][-]{section*.2}{Discrete Symmetries in Crystals and Their Consequences}{}% 2
\BOOKMARK [1][-]{section*.1}{Abstract}{section*.2}% 1
\BOOKMARK [1][-]{section*.3}{Contents}{section*.2}% 3
\BOOKMARK [1][-]{section*.4}{A Little Bit of Discrete Symmetries in Crystals}{section*.2}% 4
\BOOKMARK [2][-]{section*.5}{Local Symmetries}{section*.4}% 5
\BOOKMARK [3][-]{section*.6}{Time-reversal T}{section*.5}% 6
\BOOKMARK [3][-]{section*.7}{Particle-hole C}{section*.5}% 7
\BOOKMARK [3][-]{section*.8}{Chiral S}{section*.5}% 8
\BOOKMARK [3][-]{section*.9}{SU\(2\) of Single Electron}{section*.5}% 9
\BOOKMARK [2][-]{section*.10}{Point Group Symmetries}{section*.4}% 10
\BOOKMARK [3][-]{section*.11}{Discrete Translation T}{section*.10}% 11
\BOOKMARK [3][-]{section*.12}{Space Inversion P}{section*.10}% 12
\BOOKMARK [3][-]{section*.13}{Mirror Reflection M}{section*.10}% 13
\BOOKMARK [3][-]{section*.14}{Rotation Cn}{section*.10}% 14
\BOOKMARK [2][-]{section*.15}{Non-symmorphic Symmetries}{section*.4}% 15
\BOOKMARK [3][-]{section*.16}{Screw Axes and Glide Planes}{section*.15}% 16
\BOOKMARK [3][-]{section*.17}{Bands Sticking Together Effect}{section*.15}% 17
\BOOKMARK [1][-]{section*.18}{Symmetry Protected Topological Insulators}{section*.2}% 18
\BOOKMARK [2][-]{section*.19}{Dirac Equation and the Invariants}{section*.18}% 19
\BOOKMARK [2][-]{section*.20}{T/S-invariant}{section*.18}% 20
\BOOKMARK [1][-]{section*.21}{Symmetry Protected Topological Semimetals}{section*.2}% 21
\BOOKMARK [2][-]{section*.22}{Semimetals with Higher Degenerate Points}{section*.21}% 22
\BOOKMARK [3][-]{section*.23}{Dirac Semimetal}{section*.22}% 23
\BOOKMARK [3][-]{section*.24}{Unconventional Fermions}{section*.22}% 24
\BOOKMARK [2][-]{section*.25}{Nodal Line Semimetals}{section*.21}% 25
\BOOKMARK [3][-]{section*.26}{T+P-invariant}{section*.25}% 26
\BOOKMARK [3][-]{section*.27}{M-invariant}{section*.25}% 27
\BOOKMARK [3][-]{section*.28}{Screw-invariant}{section*.25}% 28
\BOOKMARK [2][-]{section*.29}{Nodal Surface Semimetals}{section*.21}% 29
\BOOKMARK [3][-]{section*.30}{T+P+M-invariant}{section*.29}% 30
\BOOKMARK [1][-]{section*.31}{Conclusions and Outlooks}{section*.2}% 31
